<?xml version="1.0" encoding="UTF-8"?>
<!-- Generated by org.testng.reporters.JUnitReportReporter -->
<testsuite hostname="LPCL-PG0340BY" failures="0" tests="2" name="ExtentReport.CheckoutTest" time="26.218" errors="0" timestamp="2023-01-31T16:53:16 IST" skipped="0">
  <testcase classname="ExtentReport.CheckoutTest" name="launchBrowser" time="2.833"/>
  <system-out/>
  <testcase classname="ExtentReport.CheckoutTest" name="RecordPage" time="23.385"/>
  <system-out/>
</testsuite> <!-- ExtentReport.CheckoutTest -->
